Timing Analyzer report for nombre_reloj_16_segmentos
Mon Jan 12 17:45:43 2026
Quartus Prime Version 25.1std.0 Build 1129 10/21/2025 SC Lite Edition


---------------------
; Table of Contents ;
---------------------
  1. Legal Notice
  2. Timing Analyzer Summary
  3. Parallel Compilation
  4. Clocks
  5. Fmax Summary
  6. Setup Summary
  7. Hold Summary
  8. Recovery Summary
  9. Removal Summary
 10. Minimum Pulse Width Summary
 11. Setup: 'clkin'
 12. Hold: 'clkin'
 13. Setup Transfers
 14. Hold Transfers
 15. Report TCCS
 16. Report RSKM
 17. Unconstrained Paths Summary
 18. Clock Status Summary
 19. Unconstrained Output Ports
 20. Unconstrained Output Ports
 21. Timing Analyzer Messages



----------------
; Legal Notice ;
----------------
Copyright (C) 2025  Altera Corporation. All rights reserved.
Your use of Altera Corporation's design tools, logic functions 
and other software and tools, and any partner logic 
functions, and any output files from any of the foregoing 
(including device programming or simulation files), and any 
associated documentation or information are expressly subject 
to the terms and conditions of the Altera Program License 
Subscription Agreement, the Altera Quartus Prime License Agreement,
the Altera IP License Agreement, or other applicable license
agreement, including, without limitation, that your use is for
the sole purpose of programming logic devices manufactured by
Altera and sold by Altera or its authorized distributors.  Please
refer to the Altera Software License Subscription Agreements 
on the Quartus Prime software download page.



+---------------------------------------------------------------------------------+
; Timing Analyzer Summary                                                         ;
+-----------------------+---------------------------------------------------------+
; Quartus Prime Version ; Version 25.1std.0 Build 1129 10/21/2025 SC Lite Edition ;
; Timing Analyzer       ; Legacy Timing Analyzer                                  ;
; Revision Name         ; nombre_reloj_16_segmentos                               ;
; Device Family         ; MAX II                                                  ;
; Device Name           ; EPM240T100C5                                            ;
; Timing Models         ; Final                                                   ;
; Delay Model           ; Slow Model                                              ;
; Rise/Fall Delays      ; Unavailable                                             ;
+-----------------------+---------------------------------------------------------+


+------------------------------------------+
; Parallel Compilation                     ;
+----------------------------+-------------+
; Processors                 ; Number      ;
+----------------------------+-------------+
; Number detected on machine ; 8           ;
; Maximum allowed            ; 8           ;
;                            ;             ;
; Average used               ; 1.00        ;
; Maximum used               ; 1           ;
;                            ;             ;
; Usage by Processor         ; % Time Used ;
;     Processor 1            ; 100.0%      ;
+----------------------------+-------------+


+-----------------------------------------------------------------------------------------------------------------------------------------------------------------------------------+
; Clocks                                                                                                                                                                            ;
+------------+------+--------+------------+-------+-------+------------+-----------+-------------+-------+--------+-----------+------------+----------+--------+--------+-----------+
; Clock Name ; Type ; Period ; Frequency  ; Rise  ; Fall  ; Duty Cycle ; Divide by ; Multiply by ; Phase ; Offset ; Edge List ; Edge Shift ; Inverted ; Master ; Source ; Targets   ;
+------------+------+--------+------------+-------+-------+------------+-----------+-------------+-------+--------+-----------+------------+----------+--------+--------+-----------+
; clkin      ; Base ; 1.000  ; 1000.0 MHz ; 0.000 ; 0.500 ;            ;           ;             ;       ;        ;           ;            ;          ;        ;        ; { clkin } ;
+------------+------+--------+------------+-------+-------+------------+-----------+-------------+-------+--------+-----------+------------+----------+--------+--------+-----------+


+--------------------------------------------------+
; Fmax Summary                                     ;
+------------+-----------------+------------+------+
; Fmax       ; Restricted Fmax ; Clock Name ; Note ;
+------------+-----------------+------------+------+
; 118.23 MHz ; 118.23 MHz      ; clkin      ;      ;
+------------+-----------------+------------+------+
This panel reports FMAX for every clock in the design, regardless of the user-specified clock periods.  FMAX is only computed for paths where the source and destination registers or ports are driven by the same clock.  Paths of different clocks, including generated clocks, are ignored.  For paths between a clock and its inversion, FMAX is computed as if the rising and falling edges are scaled along with FMAX, such that the duty cycle (in terms of a percentage) is maintained. Altera recommends that you always use clock constraints and other slack reports for sign-off analysis.


+--------------------------------+
; Setup Summary                  ;
+-------+--------+---------------+
; Clock ; Slack  ; End Point TNS ;
+-------+--------+---------------+
; clkin ; -7.458 ; -168.772      ;
+-------+--------+---------------+


+-------------------------------+
; Hold Summary                  ;
+-------+-------+---------------+
; Clock ; Slack ; End Point TNS ;
+-------+-------+---------------+
; clkin ; 2.231 ; 0.000         ;
+-------+-------+---------------+


--------------------
; Recovery Summary ;
--------------------
No paths to report.


-------------------
; Removal Summary ;
-------------------
No paths to report.


+--------------------------------+
; Minimum Pulse Width Summary    ;
+-------+--------+---------------+
; Clock ; Slack  ; End Point TNS ;
+-------+--------+---------------+
; clkin ; -2.289 ; -2.289        ;
+-------+--------+---------------+


+------------------------------------------------------------------------------------------------------+
; Setup: 'clkin'                                                                                       ;
+--------+-----------+-----------+--------------+-------------+--------------+------------+------------+
; Slack  ; From Node ; To Node   ; Launch Clock ; Latch Clock ; Relationship ; Clock Skew ; Data Delay ;
+--------+-----------+-----------+--------------+-------------+--------------+------------+------------+
; -7.458 ; count[0]  ; count[23] ; clkin        ; clkin       ; 1.000        ; 0.000      ; 8.125      ;
; -7.443 ; count[0]  ; count[24] ; clkin        ; clkin       ; 1.000        ; 0.000      ; 8.110      ;
; -7.342 ; count[0]  ; count[20] ; clkin        ; clkin       ; 1.000        ; 0.000      ; 8.009      ;
; -7.323 ; count[0]  ; count[21] ; clkin        ; clkin       ; 1.000        ; 0.000      ; 7.990      ;
; -7.286 ; count[0]  ; count[16] ; clkin        ; clkin       ; 1.000        ; 0.000      ; 7.953      ;
; -7.259 ; count[14] ; count[23] ; clkin        ; clkin       ; 1.000        ; 0.000      ; 7.926      ;
; -7.244 ; count[14] ; count[24] ; clkin        ; clkin       ; 1.000        ; 0.000      ; 7.911      ;
; -7.235 ; count[0]  ; count[19] ; clkin        ; clkin       ; 1.000        ; 0.000      ; 7.902      ;
; -7.213 ; count[5]  ; count[23] ; clkin        ; clkin       ; 1.000        ; 0.000      ; 7.880      ;
; -7.210 ; count[8]  ; count[23] ; clkin        ; clkin       ; 1.000        ; 0.000      ; 7.877      ;
; -7.205 ; count[3]  ; count[18] ; clkin        ; clkin       ; 1.000        ; 0.000      ; 7.872      ;
; -7.198 ; count[5]  ; count[24] ; clkin        ; clkin       ; 1.000        ; 0.000      ; 7.865      ;
; -7.197 ; count[7]  ; count[23] ; clkin        ; clkin       ; 1.000        ; 0.000      ; 7.864      ;
; -7.195 ; count[8]  ; count[24] ; clkin        ; clkin       ; 1.000        ; 0.000      ; 7.862      ;
; -7.182 ; count[7]  ; count[24] ; clkin        ; clkin       ; 1.000        ; 0.000      ; 7.849      ;
; -7.143 ; count[6]  ; count[23] ; clkin        ; clkin       ; 1.000        ; 0.000      ; 7.810      ;
; -7.143 ; count[14] ; count[20] ; clkin        ; clkin       ; 1.000        ; 0.000      ; 7.810      ;
; -7.128 ; count[6]  ; count[24] ; clkin        ; clkin       ; 1.000        ; 0.000      ; 7.795      ;
; -7.124 ; count[14] ; count[21] ; clkin        ; clkin       ; 1.000        ; 0.000      ; 7.791      ;
; -7.119 ; count[12] ; count[23] ; clkin        ; clkin       ; 1.000        ; 0.000      ; 7.786      ;
; -7.104 ; count[12] ; count[24] ; clkin        ; clkin       ; 1.000        ; 0.000      ; 7.771      ;
; -7.099 ; count[0]  ; count[17] ; clkin        ; clkin       ; 1.000        ; 0.000      ; 7.766      ;
; -7.097 ; count[5]  ; count[20] ; clkin        ; clkin       ; 1.000        ; 0.000      ; 7.764      ;
; -7.094 ; count[8]  ; count[20] ; clkin        ; clkin       ; 1.000        ; 0.000      ; 7.761      ;
; -7.093 ; count[23] ; count[24] ; clkin        ; clkin       ; 1.000        ; 0.000      ; 7.760      ;
; -7.084 ; count[0]  ; count[11] ; clkin        ; clkin       ; 1.000        ; 0.000      ; 7.751      ;
; -7.083 ; count[9]  ; count[23] ; clkin        ; clkin       ; 1.000        ; 0.000      ; 7.750      ;
; -7.081 ; count[7]  ; count[20] ; clkin        ; clkin       ; 1.000        ; 0.000      ; 7.748      ;
; -7.078 ; count[5]  ; count[21] ; clkin        ; clkin       ; 1.000        ; 0.000      ; 7.745      ;
; -7.075 ; count[8]  ; count[21] ; clkin        ; clkin       ; 1.000        ; 0.000      ; 7.742      ;
; -7.068 ; count[9]  ; count[24] ; clkin        ; clkin       ; 1.000        ; 0.000      ; 7.735      ;
; -7.062 ; count[7]  ; count[21] ; clkin        ; clkin       ; 1.000        ; 0.000      ; 7.729      ;
; -7.045 ; count[22] ; count[18] ; clkin        ; clkin       ; 1.000        ; 0.000      ; 7.712      ;
; -7.041 ; count[5]  ; count[16] ; clkin        ; clkin       ; 1.000        ; 0.000      ; 7.708      ;
; -7.038 ; count[8]  ; count[16] ; clkin        ; clkin       ; 1.000        ; 0.000      ; 7.705      ;
; -7.036 ; count[14] ; count[19] ; clkin        ; clkin       ; 1.000        ; 0.000      ; 7.703      ;
; -7.027 ; count[6]  ; count[20] ; clkin        ; clkin       ; 1.000        ; 0.000      ; 7.694      ;
; -7.025 ; count[7]  ; count[16] ; clkin        ; clkin       ; 1.000        ; 0.000      ; 7.692      ;
; -7.023 ; count[0]  ; count[7]  ; clkin        ; clkin       ; 1.000        ; 0.000      ; 7.690      ;
; -7.016 ; count[10] ; count[23] ; clkin        ; clkin       ; 1.000        ; 0.000      ; 7.683      ;
; -7.008 ; count[6]  ; count[21] ; clkin        ; clkin       ; 1.000        ; 0.000      ; 7.675      ;
; -7.003 ; count[12] ; count[20] ; clkin        ; clkin       ; 1.000        ; 0.000      ; 7.670      ;
; -7.001 ; count[10] ; count[24] ; clkin        ; clkin       ; 1.000        ; 0.000      ; 7.668      ;
; -6.990 ; count[5]  ; count[19] ; clkin        ; clkin       ; 1.000        ; 0.000      ; 7.657      ;
; -6.987 ; count[8]  ; count[19] ; clkin        ; clkin       ; 1.000        ; 0.000      ; 7.654      ;
; -6.984 ; count[12] ; count[21] ; clkin        ; clkin       ; 1.000        ; 0.000      ; 7.651      ;
; -6.978 ; count[2]  ; count[23] ; clkin        ; clkin       ; 1.000        ; 0.000      ; 7.645      ;
; -6.974 ; count[13] ; count[23] ; clkin        ; clkin       ; 1.000        ; 0.000      ; 7.641      ;
; -6.974 ; count[7]  ; count[19] ; clkin        ; clkin       ; 1.000        ; 0.000      ; 7.641      ;
; -6.971 ; count[6]  ; count[16] ; clkin        ; clkin       ; 1.000        ; 0.000      ; 7.638      ;
; -6.967 ; count[9]  ; count[20] ; clkin        ; clkin       ; 1.000        ; 0.000      ; 7.634      ;
; -6.963 ; count[2]  ; count[24] ; clkin        ; clkin       ; 1.000        ; 0.000      ; 7.630      ;
; -6.959 ; count[13] ; count[24] ; clkin        ; clkin       ; 1.000        ; 0.000      ; 7.626      ;
; -6.948 ; count[9]  ; count[21] ; clkin        ; clkin       ; 1.000        ; 0.000      ; 7.615      ;
; -6.945 ; count[3]  ; count[22] ; clkin        ; clkin       ; 1.000        ; 0.000      ; 7.612      ;
; -6.920 ; count[6]  ; count[19] ; clkin        ; clkin       ; 1.000        ; 0.000      ; 7.587      ;
; -6.911 ; count[9]  ; count[16] ; clkin        ; clkin       ; 1.000        ; 0.000      ; 7.578      ;
; -6.900 ; count[14] ; count[17] ; clkin        ; clkin       ; 1.000        ; 0.000      ; 7.567      ;
; -6.900 ; count[10] ; count[20] ; clkin        ; clkin       ; 1.000        ; 0.000      ; 7.567      ;
; -6.896 ; count[12] ; count[19] ; clkin        ; clkin       ; 1.000        ; 0.000      ; 7.563      ;
; -6.890 ; count[11] ; count[23] ; clkin        ; clkin       ; 1.000        ; 0.000      ; 7.557      ;
; -6.883 ; count[0]  ; count[14] ; clkin        ; clkin       ; 1.000        ; 0.000      ; 7.550      ;
; -6.881 ; count[10] ; count[21] ; clkin        ; clkin       ; 1.000        ; 0.000      ; 7.548      ;
; -6.877 ; count[14] ; count[16] ; clkin        ; clkin       ; 1.000        ; 0.000      ; 7.544      ;
; -6.875 ; count[11] ; count[24] ; clkin        ; clkin       ; 1.000        ; 0.000      ; 7.542      ;
; -6.862 ; count[2]  ; count[20] ; clkin        ; clkin       ; 1.000        ; 0.000      ; 7.529      ;
; -6.860 ; count[9]  ; count[19] ; clkin        ; clkin       ; 1.000        ; 0.000      ; 7.527      ;
; -6.858 ; count[0]  ; count[5]  ; clkin        ; clkin       ; 1.000        ; 0.000      ; 7.525      ;
; -6.858 ; count[13] ; count[20] ; clkin        ; clkin       ; 1.000        ; 0.000      ; 7.525      ;
; -6.854 ; count[5]  ; count[17] ; clkin        ; clkin       ; 1.000        ; 0.000      ; 7.521      ;
; -6.851 ; count[8]  ; count[17] ; clkin        ; clkin       ; 1.000        ; 0.000      ; 7.518      ;
; -6.849 ; count[3]  ; count[16] ; clkin        ; clkin       ; 1.000        ; 0.000      ; 7.516      ;
; -6.844 ; count[10] ; count[16] ; clkin        ; clkin       ; 1.000        ; 0.000      ; 7.511      ;
; -6.843 ; count[2]  ; count[21] ; clkin        ; clkin       ; 1.000        ; 0.000      ; 7.510      ;
; -6.839 ; count[5]  ; count[11] ; clkin        ; clkin       ; 1.000        ; 0.000      ; 7.506      ;
; -6.839 ; count[13] ; count[21] ; clkin        ; clkin       ; 1.000        ; 0.000      ; 7.506      ;
; -6.838 ; count[7]  ; count[17] ; clkin        ; clkin       ; 1.000        ; 0.000      ; 7.505      ;
; -6.820 ; count[8]  ; count[18] ; clkin        ; clkin       ; 1.000        ; 0.000      ; 7.487      ;
; -6.806 ; count[2]  ; count[16] ; clkin        ; clkin       ; 1.000        ; 0.000      ; 7.473      ;
; -6.804 ; count[3]  ; count[13] ; clkin        ; clkin       ; 1.000        ; 0.000      ; 7.471      ;
; -6.793 ; count[10] ; count[19] ; clkin        ; clkin       ; 1.000        ; 0.000      ; 7.460      ;
; -6.785 ; count[22] ; count[22] ; clkin        ; clkin       ; 1.000        ; 0.000      ; 7.452      ;
; -6.784 ; count[6]  ; count[17] ; clkin        ; clkin       ; 1.000        ; 0.000      ; 7.451      ;
; -6.783 ; count[0]  ; count[12] ; clkin        ; clkin       ; 1.000        ; 0.000      ; 7.450      ;
; -6.778 ; count[5]  ; count[7]  ; clkin        ; clkin       ; 1.000        ; 0.000      ; 7.445      ;
; -6.774 ; count[11] ; count[20] ; clkin        ; clkin       ; 1.000        ; 0.000      ; 7.441      ;
; -6.769 ; count[6]  ; count[11] ; clkin        ; clkin       ; 1.000        ; 0.000      ; 7.436      ;
; -6.760 ; count[12] ; count[17] ; clkin        ; clkin       ; 1.000        ; 0.000      ; 7.427      ;
; -6.755 ; count[11] ; count[21] ; clkin        ; clkin       ; 1.000        ; 0.000      ; 7.422      ;
; -6.755 ; count[2]  ; count[19] ; clkin        ; clkin       ; 1.000        ; 0.000      ; 7.422      ;
; -6.751 ; count[13] ; count[19] ; clkin        ; clkin       ; 1.000        ; 0.000      ; 7.418      ;
; -6.737 ; count[12] ; count[16] ; clkin        ; clkin       ; 1.000        ; 0.000      ; 7.404      ;
; -6.724 ; count[9]  ; count[17] ; clkin        ; clkin       ; 1.000        ; 0.000      ; 7.391      ;
; -6.719 ; count[17] ; count[23] ; clkin        ; clkin       ; 1.000        ; 0.000      ; 7.386      ;
; -6.718 ; count[11] ; count[16] ; clkin        ; clkin       ; 1.000        ; 0.000      ; 7.385      ;
; -6.708 ; count[6]  ; count[7]  ; clkin        ; clkin       ; 1.000        ; 0.000      ; 7.375      ;
; -6.704 ; count[17] ; count[24] ; clkin        ; clkin       ; 1.000        ; 0.000      ; 7.371      ;
; -6.693 ; count[0]  ; count[13] ; clkin        ; clkin       ; 1.000        ; 0.000      ; 7.360      ;
; -6.689 ; count[22] ; count[16] ; clkin        ; clkin       ; 1.000        ; 0.000      ; 7.356      ;
; -6.671 ; count[1]  ; count[18] ; clkin        ; clkin       ; 1.000        ; 0.000      ; 7.338      ;
+--------+-----------+-----------+--------------+-------------+--------------+------------+------------+


+-----------------------------------------------------------------------------------------------------+
; Hold: 'clkin'                                                                                       ;
+-------+-----------+-----------+--------------+-------------+--------------+------------+------------+
; Slack ; From Node ; To Node   ; Launch Clock ; Latch Clock ; Relationship ; Clock Skew ; Data Delay ;
+-------+-----------+-----------+--------------+-------------+--------------+------------+------------+
; 2.231 ; clkint    ; clkint    ; clkin        ; clkin       ; 0.000        ; 0.000      ; 2.452      ;
; 2.856 ; count[4]  ; count[4]  ; clkin        ; clkin       ; 0.000        ; 0.000      ; 3.077      ;
; 2.863 ; count[3]  ; count[3]  ; clkin        ; clkin       ; 0.000        ; 0.000      ; 3.084      ;
; 2.865 ; count[1]  ; count[1]  ; clkin        ; clkin       ; 0.000        ; 0.000      ; 3.086      ;
; 3.262 ; count[18] ; count[18] ; clkin        ; clkin       ; 0.000        ; 0.000      ; 3.483      ;
; 3.338 ; count[24] ; clkint    ; clkin        ; clkin       ; 0.000        ; 0.000      ; 3.559      ;
; 3.340 ; count[24] ; count[24] ; clkin        ; clkin       ; 0.000        ; 0.000      ; 3.561      ;
; 3.361 ; count[22] ; count[22] ; clkin        ; clkin       ; 0.000        ; 0.000      ; 3.582      ;
; 3.671 ; count[3]  ; count[4]  ; clkin        ; clkin       ; 0.000        ; 0.000      ; 3.892      ;
; 3.747 ; count[24] ; count[14] ; clkin        ; clkin       ; 0.000        ; 0.000      ; 3.968      ;
; 3.805 ; count[24] ; count[12] ; clkin        ; clkin       ; 0.000        ; 0.000      ; 4.026      ;
; 3.813 ; count[24] ; count[6]  ; clkin        ; clkin       ; 0.000        ; 0.000      ; 4.034      ;
; 3.831 ; count[17] ; clkint    ; clkin        ; clkin       ; 0.000        ; 0.000      ; 4.052      ;
; 3.833 ; count[17] ; count[24] ; clkin        ; clkin       ; 0.000        ; 0.000      ; 4.054      ;
; 3.923 ; count[10] ; clkint    ; clkin        ; clkin       ; 0.000        ; 0.000      ; 4.144      ;
; 3.925 ; count[10] ; count[24] ; clkin        ; clkin       ; 0.000        ; 0.000      ; 4.146      ;
; 3.934 ; count[2]  ; count[2]  ; clkin        ; clkin       ; 0.000        ; 0.000      ; 4.155      ;
; 3.997 ; count[23] ; clkint    ; clkin        ; clkin       ; 0.000        ; 0.000      ; 4.218      ;
; 3.999 ; count[23] ; count[24] ; clkin        ; clkin       ; 0.000        ; 0.000      ; 4.220      ;
; 4.007 ; count[24] ; count[11] ; clkin        ; clkin       ; 0.000        ; 0.000      ; 4.228      ;
; 4.008 ; count[24] ; count[20] ; clkin        ; clkin       ; 0.000        ; 0.000      ; 4.229      ;
; 4.054 ; count[24] ; count[21] ; clkin        ; clkin       ; 0.000        ; 0.000      ; 4.275      ;
; 4.055 ; count[24] ; count[19] ; clkin        ; clkin       ; 0.000        ; 0.000      ; 4.276      ;
; 4.058 ; count[1]  ; count[3]  ; clkin        ; clkin       ; 0.000        ; 0.000      ; 4.279      ;
; 4.059 ; count[1]  ; count[4]  ; clkin        ; clkin       ; 0.000        ; 0.000      ; 4.280      ;
; 4.071 ; count[2]  ; count[3]  ; clkin        ; clkin       ; 0.000        ; 0.000      ; 4.292      ;
; 4.183 ; count[2]  ; count[4]  ; clkin        ; clkin       ; 0.000        ; 0.000      ; 4.404      ;
; 4.240 ; count[17] ; count[14] ; clkin        ; clkin       ; 0.000        ; 0.000      ; 4.461      ;
; 4.259 ; count[5]  ; clkint    ; clkin        ; clkin       ; 0.000        ; 0.000      ; 4.480      ;
; 4.261 ; count[5]  ; count[24] ; clkin        ; clkin       ; 0.000        ; 0.000      ; 4.482      ;
; 4.298 ; count[17] ; count[12] ; clkin        ; clkin       ; 0.000        ; 0.000      ; 4.519      ;
; 4.306 ; count[17] ; count[6]  ; clkin        ; clkin       ; 0.000        ; 0.000      ; 4.527      ;
; 4.320 ; count[24] ; count[13] ; clkin        ; clkin       ; 0.000        ; 0.000      ; 4.541      ;
; 4.332 ; count[10] ; count[14] ; clkin        ; clkin       ; 0.000        ; 0.000      ; 4.553      ;
; 4.365 ; count[24] ; count[16] ; clkin        ; clkin       ; 0.000        ; 0.000      ; 4.586      ;
; 4.390 ; count[10] ; count[12] ; clkin        ; clkin       ; 0.000        ; 0.000      ; 4.611      ;
; 4.398 ; count[10] ; count[6]  ; clkin        ; clkin       ; 0.000        ; 0.000      ; 4.619      ;
; 4.406 ; count[23] ; count[14] ; clkin        ; clkin       ; 0.000        ; 0.000      ; 4.627      ;
; 4.461 ; count[24] ; count[22] ; clkin        ; clkin       ; 0.000        ; 0.000      ; 4.682      ;
; 4.464 ; count[23] ; count[12] ; clkin        ; clkin       ; 0.000        ; 0.000      ; 4.685      ;
; 4.472 ; count[23] ; count[6]  ; clkin        ; clkin       ; 0.000        ; 0.000      ; 4.693      ;
; 4.487 ; count[0]  ; clkint    ; clkin        ; clkin       ; 0.000        ; 0.000      ; 4.708      ;
; 4.489 ; count[0]  ; count[24] ; clkin        ; clkin       ; 0.000        ; 0.000      ; 4.710      ;
; 4.500 ; count[17] ; count[11] ; clkin        ; clkin       ; 0.000        ; 0.000      ; 4.721      ;
; 4.501 ; count[17] ; count[20] ; clkin        ; clkin       ; 0.000        ; 0.000      ; 4.722      ;
; 4.547 ; count[17] ; count[21] ; clkin        ; clkin       ; 0.000        ; 0.000      ; 4.768      ;
; 4.548 ; count[17] ; count[19] ; clkin        ; clkin       ; 0.000        ; 0.000      ; 4.769      ;
; 4.592 ; count[10] ; count[11] ; clkin        ; clkin       ; 0.000        ; 0.000      ; 4.813      ;
; 4.593 ; count[10] ; count[20] ; clkin        ; clkin       ; 0.000        ; 0.000      ; 4.814      ;
; 4.639 ; count[10] ; count[21] ; clkin        ; clkin       ; 0.000        ; 0.000      ; 4.860      ;
; 4.640 ; count[10] ; count[19] ; clkin        ; clkin       ; 0.000        ; 0.000      ; 4.861      ;
; 4.666 ; count[23] ; count[11] ; clkin        ; clkin       ; 0.000        ; 0.000      ; 4.887      ;
; 4.667 ; count[23] ; count[20] ; clkin        ; clkin       ; 0.000        ; 0.000      ; 4.888      ;
; 4.668 ; count[5]  ; count[14] ; clkin        ; clkin       ; 0.000        ; 0.000      ; 4.889      ;
; 4.670 ; count[4]  ; clkint    ; clkin        ; clkin       ; 0.000        ; 0.000      ; 4.891      ;
; 4.672 ; count[4]  ; count[24] ; clkin        ; clkin       ; 0.000        ; 0.000      ; 4.893      ;
; 4.705 ; count[0]  ; count[1]  ; clkin        ; clkin       ; 0.000        ; 0.000      ; 4.926      ;
; 4.713 ; count[23] ; count[21] ; clkin        ; clkin       ; 0.000        ; 0.000      ; 4.934      ;
; 4.714 ; count[23] ; count[19] ; clkin        ; clkin       ; 0.000        ; 0.000      ; 4.935      ;
; 4.721 ; count[24] ; count[18] ; clkin        ; clkin       ; 0.000        ; 0.000      ; 4.942      ;
; 4.726 ; count[5]  ; count[12] ; clkin        ; clkin       ; 0.000        ; 0.000      ; 4.947      ;
; 4.728 ; count[1]  ; count[2]  ; clkin        ; clkin       ; 0.000        ; 0.000      ; 4.949      ;
; 4.734 ; count[5]  ; count[6]  ; clkin        ; clkin       ; 0.000        ; 0.000      ; 4.955      ;
; 4.813 ; count[17] ; count[13] ; clkin        ; clkin       ; 0.000        ; 0.000      ; 5.034      ;
; 4.847 ; count[9]  ; clkint    ; clkin        ; clkin       ; 0.000        ; 0.000      ; 5.068      ;
; 4.849 ; count[9]  ; count[24] ; clkin        ; clkin       ; 0.000        ; 0.000      ; 5.070      ;
; 4.858 ; count[17] ; count[16] ; clkin        ; clkin       ; 0.000        ; 0.000      ; 5.079      ;
; 4.896 ; count[0]  ; count[14] ; clkin        ; clkin       ; 0.000        ; 0.000      ; 5.117      ;
; 4.905 ; count[10] ; count[13] ; clkin        ; clkin       ; 0.000        ; 0.000      ; 5.126      ;
; 4.928 ; count[5]  ; count[11] ; clkin        ; clkin       ; 0.000        ; 0.000      ; 5.149      ;
; 4.929 ; count[5]  ; count[20] ; clkin        ; clkin       ; 0.000        ; 0.000      ; 5.150      ;
; 4.950 ; count[10] ; count[16] ; clkin        ; clkin       ; 0.000        ; 0.000      ; 5.171      ;
; 4.954 ; count[0]  ; count[12] ; clkin        ; clkin       ; 0.000        ; 0.000      ; 5.175      ;
; 4.954 ; count[17] ; count[22] ; clkin        ; clkin       ; 0.000        ; 0.000      ; 5.175      ;
; 4.962 ; count[0]  ; count[6]  ; clkin        ; clkin       ; 0.000        ; 0.000      ; 5.183      ;
; 4.975 ; count[5]  ; count[21] ; clkin        ; clkin       ; 0.000        ; 0.000      ; 5.196      ;
; 4.976 ; count[5]  ; count[19] ; clkin        ; clkin       ; 0.000        ; 0.000      ; 5.197      ;
; 4.979 ; count[23] ; count[13] ; clkin        ; clkin       ; 0.000        ; 0.000      ; 5.200      ;
; 4.988 ; count[14] ; clkint    ; clkin        ; clkin       ; 0.000        ; 0.000      ; 5.209      ;
; 4.990 ; count[14] ; count[24] ; clkin        ; clkin       ; 0.000        ; 0.000      ; 5.211      ;
; 5.013 ; count[12] ; clkint    ; clkin        ; clkin       ; 0.000        ; 0.000      ; 5.234      ;
; 5.015 ; count[12] ; count[24] ; clkin        ; clkin       ; 0.000        ; 0.000      ; 5.236      ;
; 5.017 ; count[18] ; count[22] ; clkin        ; clkin       ; 0.000        ; 0.000      ; 5.238      ;
; 5.024 ; count[23] ; count[16] ; clkin        ; clkin       ; 0.000        ; 0.000      ; 5.245      ;
; 5.026 ; count[8]  ; count[8]  ; clkin        ; clkin       ; 0.000        ; 0.000      ; 5.247      ;
; 5.028 ; count[19] ; clkint    ; clkin        ; clkin       ; 0.000        ; 0.000      ; 5.249      ;
; 5.030 ; count[19] ; count[24] ; clkin        ; clkin       ; 0.000        ; 0.000      ; 5.251      ;
; 5.046 ; count[10] ; count[22] ; clkin        ; clkin       ; 0.000        ; 0.000      ; 5.267      ;
; 5.055 ; count[17] ; count[18] ; clkin        ; clkin       ; 0.000        ; 0.000      ; 5.276      ;
; 5.076 ; count[0]  ; count[0]  ; clkin        ; clkin       ; 0.000        ; 0.000      ; 5.297      ;
; 5.079 ; count[4]  ; count[14] ; clkin        ; clkin       ; 0.000        ; 0.000      ; 5.300      ;
; 5.120 ; count[23] ; count[22] ; clkin        ; clkin       ; 0.000        ; 0.000      ; 5.341      ;
; 5.132 ; count[0]  ; count[3]  ; clkin        ; clkin       ; 0.000        ; 0.000      ; 5.353      ;
; 5.133 ; count[0]  ; count[4]  ; clkin        ; clkin       ; 0.000        ; 0.000      ; 5.354      ;
; 5.136 ; count[10] ; count[10] ; clkin        ; clkin       ; 0.000        ; 0.000      ; 5.357      ;
; 5.136 ; count[11] ; clkint    ; clkin        ; clkin       ; 0.000        ; 0.000      ; 5.357      ;
; 5.137 ; count[4]  ; count[12] ; clkin        ; clkin       ; 0.000        ; 0.000      ; 5.358      ;
; 5.138 ; count[11] ; count[24] ; clkin        ; clkin       ; 0.000        ; 0.000      ; 5.359      ;
; 5.145 ; count[4]  ; count[6]  ; clkin        ; clkin       ; 0.000        ; 0.000      ; 5.366      ;
; 5.153 ; count[7]  ; clkint    ; clkin        ; clkin       ; 0.000        ; 0.000      ; 5.374      ;
+-------+-----------+-----------+--------------+-------------+--------------+------------+------------+


+-------------------------------------------------------------------+
; Setup Transfers                                                   ;
+------------+----------+----------+----------+----------+----------+
; From Clock ; To Clock ; RR Paths ; FR Paths ; RF Paths ; FF Paths ;
+------------+----------+----------+----------+----------+----------+
; clkin      ; clkin    ; 886      ; 0        ; 0        ; 0        ;
+------------+----------+----------+----------+----------+----------+
Entries labeled "false path" only account for clock-to-clock false paths and not path-based false paths. As a result, actual path counts may be lower than reported.


+-------------------------------------------------------------------+
; Hold Transfers                                                    ;
+------------+----------+----------+----------+----------+----------+
; From Clock ; To Clock ; RR Paths ; FR Paths ; RF Paths ; FF Paths ;
+------------+----------+----------+----------+----------+----------+
; clkin      ; clkin    ; 886      ; 0        ; 0        ; 0        ;
+------------+----------+----------+----------+----------+----------+
Entries labeled "false path" only account for clock-to-clock false paths and not path-based false paths. As a result, actual path counts may be lower than reported.


---------------
; Report TCCS ;
---------------
No dedicated SERDES Transmitter circuitry present in device or used in design


---------------
; Report RSKM ;
---------------
No non-DPA dedicated SERDES Receiver circuitry present in device or used in design


+------------------------------------------------+
; Unconstrained Paths Summary                    ;
+---------------------------------+-------+------+
; Property                        ; Setup ; Hold ;
+---------------------------------+-------+------+
; Illegal Clocks                  ; 0     ; 0    ;
; Unconstrained Clocks            ; 0     ; 0    ;
; Unconstrained Input Ports       ; 0     ; 0    ;
; Unconstrained Input Port Paths  ; 0     ; 0    ;
; Unconstrained Output Ports      ; 1     ; 1    ;
; Unconstrained Output Port Paths ; 1     ; 1    ;
+---------------------------------+-------+------+


+-------------------------------------+
; Clock Status Summary                ;
+--------+-------+------+-------------+
; Target ; Clock ; Type ; Status      ;
+--------+-------+------+-------------+
; clkin  ; clkin ; Base ; Constrained ;
+--------+-------+------+-------------+


+-----------------------------------------------------------------------------------------------------+
; Unconstrained Output Ports                                                                          ;
+-------------+---------------------------------------------------------------------------------------+
; Output Port ; Comment                                                                               ;
+-------------+---------------------------------------------------------------------------------------+
; clkout      ; No output delay, min/max delays, false-path exceptions, or max skew assignments found ;
+-------------+---------------------------------------------------------------------------------------+


+-----------------------------------------------------------------------------------------------------+
; Unconstrained Output Ports                                                                          ;
+-------------+---------------------------------------------------------------------------------------+
; Output Port ; Comment                                                                               ;
+-------------+---------------------------------------------------------------------------------------+
; clkout      ; No output delay, min/max delays, false-path exceptions, or max skew assignments found ;
+-------------+---------------------------------------------------------------------------------------+


+--------------------------+
; Timing Analyzer Messages ;
+--------------------------+
Info: *******************************************************************
Info: Running Quartus Prime Timing Analyzer
    Info: Version 25.1std.0 Build 1129 10/21/2025 SC Lite Edition
    Info: Processing started: Mon Jan 12 17:45:42 2026
Info: Command: quartus_sta nombre_reloj_16_segmentos -c nombre_reloj_16_segmentos
Info: qsta_default_script.tcl version: #1
Warning (18236): Number of processors has not been specified which may cause overloading on shared machines.  Set the global assignment NUM_PARALLEL_PROCESSORS in your QSF to an appropriate value for best performance.
Info (20030): Parallel compilation is enabled and will use 8 of the 8 processors detected
Info (21077): Low junction temperature is 0 degrees C
Info (21077): High junction temperature is 85 degrees C
Info (334003): Started post-fitting delay annotation
Info (334004): Delay annotation completed successfully
Critical Warning (332012): Synopsys Design Constraints File file not found: 'nombre_reloj_16_segmentos.sdc'. A Synopsys Design Constraints File is required by the Timing Analyzer to get proper timing constraints. Without it, the Compiler will not properly optimize the design.
Info (332142): No user constrained base clocks found in the design. Calling "derive_clocks -period 1.0"
Info (332105): Deriving Clocks
    Info (332105): create_clock -period 1.000 -name clkin clkin
Info: Found TIMING_ANALYZER_REPORT_SCRIPT_INCLUDE_DEFAULT_ANALYSIS = ON
Info: Can't run Report Timing Closure Recommendations. The current device family is not supported.
Critical Warning (332148): Timing requirements not met
Info (332146): Worst-case setup slack is -7.458
    Info (332119):     Slack       End Point TNS Clock 
    Info (332119): ========= =================== =====================
    Info (332119):    -7.458            -168.772 clkin 
Info (332146): Worst-case hold slack is 2.231
    Info (332119):     Slack       End Point TNS Clock 
    Info (332119): ========= =================== =====================
    Info (332119):     2.231               0.000 clkin 
Info (332140): No Recovery paths to report
Info (332140): No Removal paths to report
Info (332146): Worst-case minimum pulse width slack is -2.289
    Info (332119):     Slack       End Point TNS Clock 
    Info (332119): ========= =================== =====================
    Info (332119):    -2.289              -2.289 clkin 
Info (332001): The selected device family is not supported by the report_metastability command.
Info (332102): Design is not fully constrained for setup requirements
Info (332102): Design is not fully constrained for hold requirements
Info: Quartus Prime Timing Analyzer was successful. 0 errors, 3 warnings
    Info: Peak virtual memory: 4675 megabytes
    Info: Processing ended: Mon Jan 12 17:45:43 2026
    Info: Elapsed time: 00:00:01
    Info: Total CPU time (on all processors): 00:00:01


